2025-11-09T14:59:35+00:00 DEBUG 
==== SumUp Version: 2.7.7 ====
Merchant ID: 

=== Start Log ===
Error on get access token. Missing client_id
=== End Log ===

2025-11-09T14:59:35+00:00 DEBUG 
==== SumUp Version: 2.7.7 ====
Merchant ID: 

=== Start Log ===
Error on settings to create access token. Merchant Id: 
=== End Log ===

2025-11-09T14:59:44+00:00 DEBUG 
==== SumUp Version: 2.7.7 ====
Merchant ID: 

=== Start Log ===
Error on get access token. Missing client_id
=== End Log ===

2025-11-09T14:59:44+00:00 DEBUG 
==== SumUp Version: 2.7.7 ====
Merchant ID: 

=== Start Log ===
Error on settings to create access token. Merchant Id: 
=== End Log ===

2025-11-09T14:59:46+00:00 DEBUG 
==== SumUp Version: 2.7.7 ====
Merchant ID: 

=== Start Log ===
Error on get access token. Missing client_id
=== End Log ===

2025-11-09T14:59:46+00:00 DEBUG 
==== SumUp Version: 2.7.7 ====
Merchant ID: 

=== Start Log ===
Error on settings to create access token. Merchant Id: 
=== End Log ===

2025-11-09T14:59:54+00:00 DEBUG 
==== SumUp Version: 2.7.7 ====
Merchant ID: 

=== Start Log ===
Error on get access token. Missing client_id
=== End Log ===

2025-11-09T14:59:54+00:00 DEBUG 
==== SumUp Version: 2.7.7 ====
Merchant ID: 

=== Start Log ===
Error on settings to create access token. Merchant Id: 
=== End Log ===

2025-11-09T15:00:30+00:00 DEBUG 
==== SumUp Version: 2.7.7 ====
Merchant ID: 

=== Start Log ===
Error on get access token. Missing client_id
=== End Log ===

2025-11-09T15:00:30+00:00 DEBUG 
==== SumUp Version: 2.7.7 ====
Merchant ID: 

=== Start Log ===
Error on settings to create access token. Merchant Id: 
=== End Log ===

2025-11-09T15:01:38+00:00 DEBUG 
==== SumUp Version: 2.7.7 ====
Merchant ID: 

=== Start Log ===
Error on get access token. Missing client_id
=== End Log ===

2025-11-09T15:01:38+00:00 DEBUG 
==== SumUp Version: 2.7.7 ====
Merchant ID: 

=== Start Log ===
Error on get access token. Missing client_id
=== End Log ===

2025-11-09T15:01:38+00:00 DEBUG 
==== SumUp Version: 2.7.7 ====
Merchant ID: 

=== Start Log ===
Error on settings to create access token. Merchant Id: 
=== End Log ===

2025-11-09T15:01:38+00:00 DEBUG 
==== SumUp Version: 2.7.7 ====
Merchant ID: 

=== Start Log ===
Error on settings to create access token. Merchant Id: 
=== End Log ===

2025-11-09T15:01:50+00:00 DEBUG 
==== SumUp Version: 2.7.7 ====
Merchant ID: 

=== Start Log ===
Error on get access token. Missing client_id
=== End Log ===

2025-11-09T15:01:50+00:00 DEBUG 
==== SumUp Version: 2.7.7 ====
Merchant ID: 

=== Start Log ===
Error on settings to create access token. Merchant Id: 
=== End Log ===

2025-11-09T15:02:04+00:00 DEBUG 
==== SumUp Version: 2.7.7 ====
Merchant ID: 

=== Start Log ===
Error on get access token. Missing client_id
=== End Log ===

2025-11-09T15:02:04+00:00 DEBUG 
==== SumUp Version: 2.7.7 ====
Merchant ID: 

=== Start Log ===
Error on settings to create access token. Merchant Id: 
=== End Log ===

2025-11-09T15:04:27+00:00 DEBUG 
==== SumUp Version: 2.7.7 ====
Merchant ID: 

=== Start Log ===
Error on get access token. Missing client_id
=== End Log ===

2025-11-09T15:04:27+00:00 DEBUG 
==== SumUp Version: 2.7.7 ====
Merchant ID: 

=== Start Log ===
Error on settings to create access token. Merchant Id: 
=== End Log ===

2025-11-09T15:04:41+00:00 DEBUG 
==== SumUp Version: 2.7.7 ====
Merchant ID: 

=== Start Log ===
Error on get access token. Missing client_id
=== End Log ===

2025-11-09T15:04:41+00:00 DEBUG 
==== SumUp Version: 2.7.7 ====
Merchant ID: 

=== Start Log ===
Error on settings to create access token. Merchant Id: 
=== End Log ===

2025-11-09T15:04:56+00:00 DEBUG 
==== SumUp Version: 2.7.7 ====
Merchant ID: 

=== Start Log ===
Error on get access token. Missing client_id
=== End Log ===

2025-11-09T15:04:56+00:00 DEBUG 
==== SumUp Version: 2.7.7 ====
Merchant ID: 

=== Start Log ===
Error on settings to create access token. Merchant Id: 
=== End Log ===

2025-11-09T15:05:42+00:00 DEBUG 
==== SumUp Version: 2.7.7 ====
Merchant ID: 

=== Start Log ===
Error on get access token. Missing client_id
=== End Log ===

2025-11-09T15:05:42+00:00 DEBUG 
==== SumUp Version: 2.7.7 ====
Merchant ID: 

=== Start Log ===
Error on settings to create access token. Merchant Id: 
=== End Log ===

2025-11-09T15:05:42+00:00 DEBUG 
==== SumUp Version: 2.7.7 ====
Merchant ID: 

=== Start Log ===
Error on get access token. Missing client_id
=== End Log ===

2025-11-09T15:05:42+00:00 DEBUG 
==== SumUp Version: 2.7.7 ====
Merchant ID: 

=== Start Log ===
Error on settings to create access token. Merchant Id: 
=== End Log ===

2025-11-09T15:05:54+00:00 DEBUG 
==== SumUp Version: 2.7.7 ====
Merchant ID: 

=== Start Log ===
Error on get access token. Missing client_id
=== End Log ===

2025-11-09T15:05:54+00:00 DEBUG 
==== SumUp Version: 2.7.7 ====
Merchant ID: 

=== Start Log ===
Error on settings to create access token. Merchant Id: 
=== End Log ===

2025-11-09T15:06:19+00:00 DEBUG 
==== SumUp Version: 2.7.7 ====
Merchant ID: 

=== Start Log ===
Error on get access token. Missing client_id
=== End Log ===

2025-11-09T15:06:19+00:00 DEBUG 
==== SumUp Version: 2.7.7 ====
Merchant ID: 

=== Start Log ===
Error on settings to create access token. Merchant Id: 
=== End Log ===

2025-11-09T15:06:25+00:00 DEBUG 
==== SumUp Version: 2.7.7 ====
Merchant ID: 

=== Start Log ===
Error on get access token. Missing client_id
=== End Log ===

2025-11-09T15:06:25+00:00 DEBUG 
==== SumUp Version: 2.7.7 ====
Merchant ID: 

=== Start Log ===
Error on settings to create access token. Merchant Id: 
=== End Log ===

2025-11-09T15:06:51+00:00 DEBUG 
==== SumUp Version: 2.7.7 ====
Merchant ID: 

=== Start Log ===
Error on get access token. Missing client_id
=== End Log ===

2025-11-09T15:06:51+00:00 DEBUG 
==== SumUp Version: 2.7.7 ====
Merchant ID: 

=== Start Log ===
Error on settings to create access token. Merchant Id: 
=== End Log ===

2025-11-09T15:06:59+00:00 DEBUG 
==== SumUp Version: 2.7.7 ====
Merchant ID: 

=== Start Log ===
Error on get access token. Missing client_id
=== End Log ===

2025-11-09T15:06:59+00:00 DEBUG 
==== SumUp Version: 2.7.7 ====
Merchant ID: 

=== Start Log ===
Error on settings to create access token. Merchant Id: 
=== End Log ===

2025-11-09T15:08:55+00:00 DEBUG 
==== SumUp Version: 2.7.7 ====
Merchant ID: 

=== Start Log ===
Error on get access token. Missing client_id
=== End Log ===

2025-11-09T15:08:55+00:00 DEBUG 
==== SumUp Version: 2.7.7 ====
Merchant ID: 

=== Start Log ===
Error on settings to create access token. Merchant Id: 
=== End Log ===

2025-11-09T15:09:13+00:00 DEBUG 
==== SumUp Version: 2.7.7 ====
Merchant ID: 

=== Start Log ===
Error on get access token. Missing client_id
=== End Log ===

2025-11-09T15:09:13+00:00 DEBUG 
==== SumUp Version: 2.7.7 ====
Merchant ID: 

=== Start Log ===
Error on settings to create access token. Merchant Id: 
=== End Log ===

2025-11-09T15:11:18+00:00 DEBUG 
==== SumUp Version: 2.7.7 ====
Merchant ID: 

=== Start Log ===
Error on get access token. Missing client_id
=== End Log ===

2025-11-09T15:11:18+00:00 DEBUG 
==== SumUp Version: 2.7.7 ====
Merchant ID: 

=== Start Log ===
Error on settings to create access token. Merchant Id: 
=== End Log ===

2025-11-09T15:11:39+00:00 DEBUG 
==== SumUp Version: 2.7.7 ====
Merchant ID: 

=== Start Log ===
Error on get access token. Missing client_id
=== End Log ===

2025-11-09T15:11:39+00:00 DEBUG 
==== SumUp Version: 2.7.7 ====
Merchant ID: 

=== Start Log ===
Error on settings to create access token. Merchant Id: 
=== End Log ===

2025-11-09T15:12:44+00:00 DEBUG 
==== SumUp Version: 2.7.7 ====
Merchant ID: 

=== Start Log ===
Error on get access token. Missing client_id
=== End Log ===

2025-11-09T15:12:44+00:00 DEBUG 
==== SumUp Version: 2.7.7 ====
Merchant ID: 

=== Start Log ===
Error on settings to create access token. Merchant Id: 
=== End Log ===

2025-11-09T15:12:53+00:00 DEBUG 
==== SumUp Version: 2.7.7 ====
Merchant ID: 

=== Start Log ===
Error on get access token. Missing client_id
=== End Log ===

2025-11-09T15:12:53+00:00 DEBUG 
==== SumUp Version: 2.7.7 ====
Merchant ID: 

=== Start Log ===
Error on settings to create access token. Merchant Id: 
=== End Log ===

2025-11-09T15:12:57+00:00 DEBUG 
==== SumUp Version: 2.7.7 ====
Merchant ID: 

=== Start Log ===
Error on get access token. Missing client_id
=== End Log ===

2025-11-09T15:12:57+00:00 DEBUG 
==== SumUp Version: 2.7.7 ====
Merchant ID: 

=== Start Log ===
Error on settings to create access token. Merchant Id: 
=== End Log ===

2025-11-09T15:13:05+00:00 DEBUG 
==== SumUp Version: 2.7.7 ====
Merchant ID: 

=== Start Log ===
Error on get access token. Missing client_id
=== End Log ===

2025-11-09T15:13:05+00:00 DEBUG 
==== SumUp Version: 2.7.7 ====
Merchant ID: 

=== Start Log ===
Error on settings to create access token. Merchant Id: 
=== End Log ===

2025-11-09T15:13:41+00:00 DEBUG 
==== SumUp Version: 2.7.7 ====
Merchant ID: 

=== Start Log ===
Error on get access token. Missing client_id
=== End Log ===

2025-11-09T15:13:41+00:00 DEBUG 
==== SumUp Version: 2.7.7 ====
Merchant ID: 

=== Start Log ===
Error on settings to create access token. Merchant Id: 
=== End Log ===

2025-11-09T15:14:35+00:00 DEBUG 
==== SumUp Version: 2.7.7 ====
Merchant ID: 

=== Start Log ===
Error on get access token. Missing client_id
=== End Log ===

2025-11-09T15:14:35+00:00 DEBUG 
==== SumUp Version: 2.7.7 ====
Merchant ID: 

=== Start Log ===
Error on settings to create access token. Merchant Id: 
=== End Log ===

2025-11-09T15:15:36+00:00 DEBUG 
==== SumUp Version: 2.7.7 ====
Merchant ID: 

=== Start Log ===
Error on get access token. Missing client_id
=== End Log ===

2025-11-09T15:15:36+00:00 DEBUG 
==== SumUp Version: 2.7.7 ====
Merchant ID: 

=== Start Log ===
Error on settings to create access token. Merchant Id: 
=== End Log ===

2025-11-09T15:15:50+00:00 DEBUG 
==== SumUp Version: 2.7.7 ====
Merchant ID: 

=== Start Log ===
Error on get access token. Missing client_id
=== End Log ===

2025-11-09T15:15:50+00:00 DEBUG 
==== SumUp Version: 2.7.7 ====
Merchant ID: 

=== Start Log ===
Error on settings to create access token. Merchant Id: 
=== End Log ===

2025-11-09T15:15:56+00:00 DEBUG 
==== SumUp Version: 2.7.7 ====
Merchant ID: 

=== Start Log ===
Error on get access token. Missing client_id
=== End Log ===

2025-11-09T15:15:56+00:00 DEBUG 
==== SumUp Version: 2.7.7 ====
Merchant ID: 

=== Start Log ===
Error on settings to create access token. Merchant Id: 
=== End Log ===

2025-11-09T15:16:28+00:00 DEBUG 
==== SumUp Version: 2.7.7 ====
Merchant ID: 

=== Start Log ===
Error on get access token. Missing client_id
=== End Log ===

2025-11-09T15:16:28+00:00 DEBUG 
==== SumUp Version: 2.7.7 ====
Merchant ID: 

=== Start Log ===
Error on settings to create access token. Merchant Id: 
=== End Log ===

2025-11-09T15:16:53+00:00 DEBUG 
==== SumUp Version: 2.7.7 ====
Merchant ID: 

=== Start Log ===
Error on get access token. Missing client_id
=== End Log ===

2025-11-09T15:16:53+00:00 DEBUG 
==== SumUp Version: 2.7.7 ====
Merchant ID: 

=== Start Log ===
Error on settings to create access token. Merchant Id: 
=== End Log ===

2025-11-09T15:17:01+00:00 DEBUG 
==== SumUp Version: 2.7.7 ====
Merchant ID: 

=== Start Log ===
Error on get access token. Missing client_id
=== End Log ===

2025-11-09T15:17:01+00:00 DEBUG 
==== SumUp Version: 2.7.7 ====
Merchant ID: 

=== Start Log ===
Error on get access token. Missing client_id
=== End Log ===

2025-11-09T15:17:01+00:00 DEBUG 
==== SumUp Version: 2.7.7 ====
Merchant ID: 

=== Start Log ===
Error on settings to create access token. Merchant Id: 
=== End Log ===

2025-11-09T15:17:01+00:00 DEBUG 
==== SumUp Version: 2.7.7 ====
Merchant ID: 

=== Start Log ===
Error on settings to create access token. Merchant Id: 
=== End Log ===

2025-11-09T15:17:13+00:00 DEBUG 
==== SumUp Version: 2.7.7 ====
Merchant ID: 

=== Start Log ===
Error on get access token. Missing client_id
=== End Log ===

2025-11-09T15:17:13+00:00 DEBUG 
==== SumUp Version: 2.7.7 ====
Merchant ID: 

=== Start Log ===
Error on settings to create access token. Merchant Id: 
=== End Log ===

2025-11-09T15:19:43+00:00 DEBUG 
==== SumUp Version: 2.7.7 ====
Merchant ID: 

=== Start Log ===
Error on get access token. Missing client_id
=== End Log ===

2025-11-09T15:19:43+00:00 DEBUG 
==== SumUp Version: 2.7.7 ====
Merchant ID: 

=== Start Log ===
Error on settings to create access token. Merchant Id: 
=== End Log ===

2025-11-09T15:19:56+00:00 DEBUG 
==== SumUp Version: 2.7.7 ====
Merchant ID: 

=== Start Log ===
Error on get access token. Missing client_id
=== End Log ===

2025-11-09T15:19:56+00:00 DEBUG 
==== SumUp Version: 2.7.7 ====
Merchant ID: 

=== Start Log ===
Error on settings to create access token. Merchant Id: 
=== End Log ===

2025-11-09T15:21:01+00:00 DEBUG 
==== SumUp Version: 2.7.7 ====
Merchant ID: 

=== Start Log ===
Error on get access token. Missing client_id
=== End Log ===

2025-11-09T15:21:01+00:00 DEBUG 
==== SumUp Version: 2.7.7 ====
Merchant ID: 

=== Start Log ===
Error on settings to create access token. Merchant Id: 
=== End Log ===

2025-11-09T15:22:24+00:00 DEBUG 
==== SumUp Version: 2.7.7 ====
Merchant ID: 

=== Start Log ===
Error on get access token. Missing client_id
=== End Log ===

2025-11-09T15:22:24+00:00 DEBUG 
==== SumUp Version: 2.7.7 ====
Merchant ID: 

=== Start Log ===
Error on settings to create access token. Merchant Id: 
=== End Log ===

